c:\users\86181\desktop\vct202107111255\vct202107111255\vct\opengl00\x64\debug\vc142.pdb
c:\users\86181\desktop\vct202107111255\vct202107111255\vct\opengl00\x64\debug\vc142.idb
c:\users\86181\desktop\vct202107111255\vct202107111255\vct\opengl00\x64\debug\glad.obj
c:\users\86181\desktop\vct202107111255\vct202107111255\vct\opengl00\x64\debug\stb_image.obj
c:\users\86181\desktop\vct202107111255\vct202107111255\vct\opengl00\x64\debug\main.obj
c:\users\86181\desktop\vct202107111255\vct202107111255\vct\opengl00\x64\debug\imgui_widgets.obj
c:\users\86181\desktop\vct202107111255\vct202107111255\vct\opengl00\x64\debug\imgui_tables.obj
c:\users\86181\desktop\vct202107111255\vct202107111255\vct\opengl00\x64\debug\imgui_impl_opengl3.obj
c:\users\86181\desktop\vct202107111255\vct202107111255\vct\opengl00\x64\debug\imgui_impl_glfw.obj
c:\users\86181\desktop\vct202107111255\vct202107111255\vct\opengl00\x64\debug\imgui_draw.obj
c:\users\86181\desktop\vct202107111255\vct202107111255\vct\opengl00\x64\debug\imgui_demo.obj
c:\users\86181\desktop\vct202107111255\vct202107111255\vct\opengl00\x64\debug\imgui.obj
c:\users\86181\desktop\vct202107111255\vct202107111255\vct\opengl00\x64\debug\opengl00.ilk
c:\users\86181\desktop\vct202107111255\vct202107111255\vct\opengl00\x64\debug\opengl00.exe
c:\users\86181\desktop\vct202107111255\vct202107111255\vct\opengl00\x64\debug\opengl00.pdb
c:\users\86181\desktop\vct202107111255\vct202107111255\vct\opengl00\x64\debug\opengl00.tlog\cl.command.1.tlog
c:\users\86181\desktop\vct202107111255\vct202107111255\vct\opengl00\x64\debug\opengl00.tlog\cl.read.1.tlog
c:\users\86181\desktop\vct202107111255\vct202107111255\vct\opengl00\x64\debug\opengl00.tlog\cl.write.1.tlog
c:\users\86181\desktop\vct202107111255\vct202107111255\vct\opengl00\x64\debug\opengl00.tlog\link.command.1.tlog
c:\users\86181\desktop\vct202107111255\vct202107111255\vct\opengl00\x64\debug\opengl00.tlog\link.read.1.tlog
c:\users\86181\desktop\vct202107111255\vct202107111255\vct\opengl00\x64\debug\opengl00.tlog\link.write.1.tlog
